<?xml version="1.0" encoding="UTF-8"?>
<!-- Generated by org.testng.reporters.JUnitReportReporter -->
<testsuite hostname="SAO-LT-190625C" failures="0" tests="2" name="App" time="12.590" errors="0" timestamp="09 Feb 2021 03:47:30 GMT" skipped="0">
  <testcase classname="App" name="validateUrl" time="0.011"/>
  <testcase classname="App" name="validateTitle" time="12.579"/>
</testsuite> <!-- App -->
